Arguments: 
  C:\dev\nvm\v14.18.0\node.exe C:\Program Files (x86)\Yarn\bin\yarn.js install

PATH: 
  C:\Users\Edmilson Soares\bin;C:\Program Files\Git\mingw64\bin;C:\Program Files\Git\usr\local\bin;C:\Program Files\Git\usr\bin;C:\Program Files\Git\usr\bin;C:\Program Files\Git\mingw64\bin;C:\Program Files\Git\usr\bin;C:\Users\Edmilson Soares\bin;C:\Python310\Scripts;C:\Python310;C:\Python27\Scripts;C:\Python27;C:\Program Files (x86)\Common Files\Oracle\Java\javapath;C:\WINDOWS\system32;C:\WINDOWS;C:\WINDOWS\System32\Wbem;C:\WINDOWS\System32\WindowsPowerShell\v1.0;C:\WINDOWS\System32\OpenSSH;C:\ProgramData\chocolatey\bin;C:\Program Files\dotnet;C:\Program Files\Calibre2;C:\Users\Edmilson Soares\AppData\Local\Android\Sdk\emulator;C:\Users\Edmilson Soares\AppData\Local\Android\Sdk\tools;C:\Users\Edmilson Soares\AppData\Local\Android\Sdk\tools\bin;C:\Users\Edmilson Soares\AppData\Local\Android\Sdk\platform-tools;C:\dev\nvm;C:\Program Files\nodejs;C:\Program Files (x86)\Yarn\bin;F:\Program Files\PuTTY;C:\Program Files\MongoDB\Server\5.0\bin;C:\SCRCPY;F:\wamp64\bin\php\php7.2.33;C:\terraform;C:\Users\Edmilson Soares\AppData\Local\Microsoft\WindowsApps;C:\Users\Edmilson Soares\AppData\Local\Programs\Microsoft VS Code\bin;C:\cmder;C:\Users\Edmilson Soares\composer;C:\Users\Edmilson Soares\AppData\Roamin;C:\Program Files\PowerShell\7;C:\Program Files\nodejs;C:\WINDOWS\system32;C:\WINDOWS;C:\WINDOWS\System32\Wbem;C:\WINDOWS\System32\WindowsPowerShell\v1.0;C:\WINDOWS\System32\OpenSSH;C:\Program Files\nodejs;C:\Program Files\VSCodium\bin;C:\Program Files\Docker\Docker\resources\bin;C:\ProgramData\DockerDesktop\version-bin;C:\Program Files\Git\cmd;C:\Users\Edmilson Soares\AppData\Roaming\Composer\vendor\bin;C:\Users\Edmilson Soares\AppData\Local\hyper\app-3.0.2\resources\bin;C:\Program Files\JetBrains\PhpStorm 2021.2\bin;C:\Users\Edmilson Soares\AppData\Local\Yarn\bin;C:\Users\Edmilson Soares\AppData\Local\Programs\Microsoft VS Code Insiders\bin;F:\Program Files\JetBrains\WebStorm 2021.2\bin;C:\Users\Edmilson Soares\AppData\Roaming\npm;C:\Program Files\heroku\bin;C:\tools\neovim\Neovim\bin;C:\Program Files\Git\usr\bin\vendor_perl;C:\Program Files\Git\usr\bin\core_perl

Yarn version: 
  1.22.5

Node version: 
  14.17.4

Platform: 
  win32 x64

Trace: 
  SyntaxError: E:\dev\react\social\server\package.json: Unexpected token a in JSON at position 0
      at JSON.parse (<anonymous>)
      at C:\Program Files (x86)\Yarn\lib\cli.js:1625:59
      at Generator.next (<anonymous>)
      at step (C:\Program Files (x86)\Yarn\lib\cli.js:310:30)
      at C:\Program Files (x86)\Yarn\lib\cli.js:321:13

npm manifest: 
  ad{
    "name": "server",
    "version": "1.0.0",
    "description": "",
    "main": "index.js",
    "scripts": {
      "test": "echo \"Error: no test specified\" && exit 1"
    },
    "author": "Edmilson Soares",
    "license": "MIT",
    "dependencies": {
      "cors": "^2.8.5",
      "dotenv": "^16.0.0",
      "express": "^4.17.3",
      "helmet": "^5.0.2",
      "mongoose": "^6.2.5",
      "morgan": "^1.10.0",
      "nodemon": "^2.0.15"
    }
  }

yarn manifest: 
  No manifest

Lockfile: 
  No lockfile
